<?xml version="1.0" encoding="UTF-8" ?>
<testsuite errors="0" failures="1" hostname="faze" name="com.dreamoval.motech.core.DataAccess.Util.SessionManager" tests="1" time="0.063" timestamp="2009-07-17T11:30:22">
  <properties>
[...]
</properties>
  <testcase classname="junit.framework.TestSuite$1" name="warning" time="0.0">
    <failure message="No tests found in com.dreamoval.motech.core.DataAccess.Util.SessionManager" type="junit.framework.AssertionFailedError">junit.framework.AssertionFailedError: No tests found in com.dreamoval.motech.core.DataAccess.Util.SessionManager
</failure>
  </testcase>
  <system-out><![CDATA[]]></system-out>
  <system-err><![CDATA[]]></system-err>
</testsuite>
